<?xml version="1.0" encoding="UTF-8"?>
<!-- Generated by org.testng.reporters.JUnitReportReporter -->
<testsuite hostname="DESKTOP-JHCPOK9" failures="0" tests="1" name="com.maps.test.AddPlaceUpdatePlaceAndGetPlaceTest" time="13.226" errors="0" timestamp="2021-04-06T22:20:30 IST" skipped="0">
  <testcase classname="com.maps.test.AddPlaceUpdatePlaceAndGetPlaceTest" name="addPlaceToMaps" time="13.226"/>
  <system-out/>
</testsuite> <!-- com.maps.test.AddPlaceUpdatePlaceAndGetPlaceTest -->
