<?xml version="1.0" encoding="UTF-8"?>
<!-- Generated by org.testng.reporters.JUnitReportReporter -->
<testsuite hostname="DESKTOP-JHCPOK9" failures="0" tests="6" name="com.libraryapi.test.TestLibraryAPiWithDataProvider" time="7.847" errors="0" timestamp="2021-04-07T14:04:47 IST" skipped="0">
  <testcase classname="com.libraryapi.test.TestLibraryAPiWithDataProvider" name="addBook" time="5.072"/>
  <system-out/>
  <testcase classname="com.libraryapi.test.TestLibraryAPiWithDataProvider" name="addBook" time="0.535"/>
  <system-out/>
  <testcase classname="com.libraryapi.test.TestLibraryAPiWithDataProvider" name="addBook" time="0.569"/>
  <system-out/>
  <testcase classname="com.libraryapi.test.TestLibraryAPiWithDataProvider" name="addBook" time="0.609"/>
  <system-out/>
  <testcase classname="com.libraryapi.test.TestLibraryAPiWithDataProvider" name="addBook" time="0.540"/>
  <system-out/>
  <testcase classname="com.libraryapi.test.TestLibraryAPiWithDataProvider" name="addBook" time="0.522"/>
  <system-out/>
</testsuite> <!-- com.libraryapi.test.TestLibraryAPiWithDataProvider -->
