<?xml version="1.0" encoding="UTF-8"?>
<!-- Generated by org.testng.reporters.JUnitReportReporter -->
<testsuite hostname="DESKTOP-JHCPOK9" failures="0" tests="1" name="com.test.specbuilders.ReqRespSpecBuildersTest" time="9.404" errors="0" timestamp="2021-04-11T21:22:43 IST" skipped="0">
  <testcase classname="com.test.specbuilders.ReqRespSpecBuildersTest" name="verifyReqAndRespSpecBuilders" time="9.404"/>
  <system-out/>
</testsuite> <!-- com.test.specbuilders.ReqRespSpecBuildersTest -->
