<?xml version="1.0" encoding="UTF-8"?>
<!-- Generated by org.testng.reporters.JUnitReportReporter -->
<testsuite hostname="DESKTOP-JHCPOK9" failures="0" tests="1" name="com.test.authentication.BasicAuthentication" time="6.268" errors="0" timestamp="2021-04-09T14:59:48 IST" skipped="0">
  <testcase classname="com.test.authentication.BasicAuthentication" name="verifyBasicAuth" time="6.268"/>
  <system-out/>
</testsuite> <!-- com.test.authentication.BasicAuthentication -->
