<?xml version="1.0" encoding="UTF-8"?>
<!-- Generated by org.testng.reporters.JUnitReportReporter -->
<testsuite hostname="DESKTOP-JHCPOK9" failures="0" tests="1" name="com.maps.test.ParseComplexJson" time="3.287" errors="0" timestamp="2021-04-07T12:11:11 IST" skipped="0">
  <testcase classname="com.maps.test.ParseComplexJson" name="parseJson" time="3.287"/>
  <system-out/>
</testsuite> <!-- com.maps.test.ParseComplexJson -->
