<?xml version="1.0" encoding="UTF-8"?>
<!-- Generated by org.testng.reporters.JUnitReportReporter -->
<testsuite hostname="DESKTOP-JHCPOK9" failures="0" tests="1" name="com.test.jira.CreateNewJira" time="6.066" errors="0" timestamp="2021-04-08T13:45:36 IST" skipped="0">
  <testcase classname="com.test.jira.CreateNewJira" name="createNewJira" time="6.066"/>
  <system-out/>
</testsuite> <!-- com.test.jira.CreateNewJira -->
