<?xml version="1.0" encoding="UTF-8"?>
<!-- Generated by org.testng.reporters.JUnitReportReporter -->
<testsuite hostname="DESKTOP-JHCPOK9" failures="0" tests="1" name="com.test.deserialization.DeserializationTest" time="28.931" errors="0" timestamp="2021-04-11T13:18:24 IST" skipped="0">
  <testcase classname="com.test.deserialization.DeserializationTest" name="deserializationTest" time="28.931"/>
  <system-out/>
</testsuite> <!-- com.test.deserialization.DeserializationTest -->
