<?xml version="1.0" encoding="UTF-8"?>
<!-- Generated by org.testng.reporters.JUnitReportReporter -->
<testsuite hostname="DESKTOP-JHCPOK9" failures="0" tests="1" name="com.test.oauth2.AuthorizationCodeTest" time="27.106" errors="0" timestamp="2021-04-09T13:57:59 IST" skipped="0">
  <testcase classname="com.test.oauth2.AuthorizationCodeTest" name="getAccessTokenAndFechCourses" time="27.106"/>
  <system-out/>
</testsuite> <!-- com.test.oauth2.AuthorizationCodeTest -->
