<?xml version="1.0" encoding="UTF-8"?>
<!-- Generated by org.testng.reporters.JUnitReportReporter -->
<testsuite hostname="DESKTOP-JHCPOK9" failures="0" tests="1" name="com.libraryapi.test.TestLibraryAPIWithStaticJSON" time="4.045" errors="0" timestamp="2021-04-07T14:36:15 IST" skipped="0">
  <testcase classname="com.libraryapi.test.TestLibraryAPIWithStaticJSON" name="addBook" time="4.045"/>
  <system-out/>
</testsuite> <!-- com.libraryapi.test.TestLibraryAPIWithStaticJSON -->
