<?xml version="1.0" encoding="UTF-8"?>
<!-- Generated by org.testng.reporters.JUnitReportReporter -->
<testsuite hostname="DESKTOP-JHCPOK9" failures="0" tests="1" name="com.maps.test.AddPlaceAPI" time="5.846" errors="0" timestamp="2021-04-06T20:51:26 IST" skipped="0">
  <testcase classname="com.maps.test.AddPlaceAPI" name="addPlaceToMaps" time="5.846"/>
  <system-out/>
</testsuite> <!-- com.maps.test.AddPlaceAPI -->
