<?xml version="1.0" encoding="UTF-8"?>
<!-- Generated by org.testng.reporters.JUnitReportReporter -->
<testsuite hostname="DESKTOP-JHCPOK9" failures="0" tests="1" name="com.libraryapi.test.TestLibraryAPi" time="4.014" errors="0" timestamp="2021-04-07T13:33:57 IST" skipped="0">
  <testcase classname="com.libraryapi.test.TestLibraryAPi" name="addBook" time="4.014"/>
  <system-out/>
</testsuite> <!-- com.libraryapi.test.TestLibraryAPi -->
