<?xml version="1.0" encoding="UTF-8"?>
<!-- Generated by org.testng.reporters.JUnitReportReporter -->
<testsuite hostname="DESKTOP-JHCPOK9" failures="0" tests="1" name="com.test.authentication.BearerTokenAuthentication" time="4.472" errors="0" timestamp="2021-04-09T15:20:30 IST" skipped="0">
  <testcase classname="com.test.authentication.BearerTokenAuthentication" name="verifyBearerToken" time="4.472"/>
  <system-out/>
</testsuite> <!-- com.test.authentication.BearerTokenAuthentication -->
