<?xml version="1.0" encoding="UTF-8"?>
<!-- Generated by org.testng.reporters.JUnitReportReporter -->
<testsuite hostname="DESKTOP-JHCPOK9" failures="0" tests="1" name="com.test.jira.GetSessionCookie" time="9.553" errors="0" timestamp="2021-04-08T11:16:05 IST" skipped="0">
  <testcase classname="com.test.jira.GetSessionCookie" name="generateSessionCookie" time="9.553"/>
  <system-out/>
</testsuite> <!-- com.test.jira.GetSessionCookie -->
