<?xml version="1.0" encoding="UTF-8"?>
<!-- Generated by org.testng.reporters.JUnitReportReporter -->
<testsuite hostname="DESKTOP-JHCPOK9" failures="0" tests="1" name="com.test.authentication.HandleApiKeys" time="3.975" errors="0" timestamp="2021-04-09T15:35:10 IST" skipped="0">
  <testcase classname="com.test.authentication.HandleApiKeys" name="verifyTestUsingAPiKeys" time="3.975"/>
  <system-out/>
</testsuite> <!-- com.test.authentication.HandleApiKeys -->
