<?xml version="1.0" encoding="UTF-8"?>
<!-- Generated by org.testng.reporters.JUnitReportReporter -->
<testsuite hostname="DESKTOP-JHCPOK9" failures="0" tests="1" name="com.test.serialization.SerializationTest" time="6.769" errors="0" timestamp="2021-04-11T20:43:31 IST" skipped="0">
  <testcase classname="com.test.serialization.SerializationTest" name="addPlaceUsingPOJO" time="6.769"/>
  <system-out/>
</testsuite> <!-- com.test.serialization.SerializationTest -->
